<?xml version="1.0" encoding="UTF-8"?>
<!-- Generated by org.testng.reporters.JUnitReportReporter -->
<testsuite hostname="MacBook-Air-de-Hugo.local" failures="0" tests="1" name="com.java.FirstTest" time="4.640" errors="0" timestamp="17 feb. 2022 06:45:11 GMT" skipped="0">
  <testcase classname="com.java.FirstTest" name="googleTest" time="4.640"/>
</testsuite> <!-- com.java.FirstTest -->
